<?xml version="1.0" encoding="UTF-8"?>
<testsuite name="TestSuite" time="42.264" tests="3" errors="0" skipped="0" failures="1">
  <properties>
[...]
</properties>
  <testcase name="loginTest" classname="org.xde.Xrefresh.BDD.LoginTest" time="42.264"/>
  <testcase name="loginTest" classname="org.xde.Xrefresh.BDD.LoginTest" time="45.618"/>
  <testcase name="loginTest" classname="org.xde.Xrefresh.BDD.LoginTest" time="67.578">
    <failure message="java.util.concurrent.ExecutionException: java.lang.NullPointerException" type="org.testng.TestNGException">org.testng.TestNGException: java.util.concurrent.ExecutionException: java.lang.NullPointerException
	at org.testng.internal.PoolService.submitTasksAndWait(PoolService.java:53)
	at org.testng.internal.Invoker.invokeTestMethods(Invoker.java:970)
	at org.testng.internal.TestMethodWorker.invokeTestMethods(TestMethodWorker.java:125)
	at org.testng.internal.TestMethodWorker.run(TestMethodWorker.java:109)
	at org.testng.TestRunner.privateRun(TestRunner.java:648)
	at org.testng.TestRunner.run(TestRunner.java:505)
	at org.testng.SuiteRunner.runTest(SuiteRunner.java:455)
	at org.testng.SuiteRunner.access$000(SuiteRunner.java:40)
	at org.testng.SuiteRunner$SuiteWorker.run(SuiteRunner.java:489)
	at org.testng.internal.thread.ThreadUtil$1.call(ThreadUtil.java:52)
	at java.util.concurrent.FutureTask.run(FutureTask.java:266)
	at java.util.concurrent.ThreadPoolExecutor.runWorker(ThreadPoolExecutor.java:1142)
	at java.util.concurrent.ThreadPoolExecutor$Worker.run(ThreadPoolExecutor.java:617)
	at java.lang.Thread.run(Thread.java:745)
Caused by: java.util.concurrent.ExecutionException: java.lang.NullPointerException
	at java.util.concurrent.FutureTask.report(FutureTask.java:122)
	at java.util.concurrent.FutureTask.get(FutureTask.java:192)
	at org.testng.internal.PoolService.submitTasksAndWait(PoolService.java:51)
	at org.testng.internal.Invoker.invokeTestMethods(Invoker.java:970)
	at org.testng.internal.TestMethodWorker.invokeTestMethods(TestMethodWorker.java:125)
	at org.testng.internal.TestMethodWorker.run(TestMethodWorker.java:109)
	at org.testng.TestRunner.privateRun(TestRunner.java:648)
	at org.testng.TestRunner.run(TestRunner.java:505)
	at org.testng.SuiteRunner.runTest(SuiteRunner.java:455)
	at org.testng.SuiteRunner.access$000(SuiteRunner.java:40)
	at org.testng.SuiteRunner$SuiteWorker.run(SuiteRunner.java:489)
	at org.testng.internal.thread.ThreadUtil$1.call(ThreadUtil.java:52)
	at java.util.concurrent.FutureTask.run(FutureTask.java:266)
	at java.util.concurrent.ThreadPoolExecutor.runWorker(ThreadPoolExecutor.java:1142)
	at java.util.concurrent.ThreadPoolExecutor$Worker.run(ThreadPoolExecutor.java:617)
	at java.lang.Thread.run(Thread.java:745)
Caused by: java.lang.NullPointerException: null
	at com.aventstack.extentreports.ExtentTest.log(ExtentTest.java:303)
	at com.aventstack.extentreports.ExtentTest.pass(ExtentTest.java:524)
	at org.xde.Xrefresh.ExtentListeners.ExtentListeners.onTestSuccess(ExtentListeners.java:42)
	at org.testng.internal.TestListenerHelper.runTestListeners(TestListenerHelper.java:70)
	at org.testng.internal.Invoker.runTestListeners(Invoker.java:1389)
	at org.testng.internal.Invoker.invokeMethod(Invoker.java:636)
	at org.testng.internal.Invoker.invokeTestMethod(Invoker.java:719)
	at org.testng.internal.TestMethodWithDataProviderMethodWorker.call(TestMethodWithDataProviderMethodWorker.java:71)
	at org.testng.internal.TestMethodWithDataProviderMethodWorker.call(TestMethodWithDataProviderMethodWorker.java:14)
	at java.util.concurrent.FutureTask.run(FutureTask.java:266)
	at java.util.concurrent.Executors$RunnableAdapter.call(Executors.java:511)
	at java.util.concurrent.FutureTask.run(FutureTask.java:266)
	at java.util.concurrent.ThreadPoolExecutor.runWorker(ThreadPoolExecutor.java:1142)
	at java.util.concurrent.ThreadPoolExecutor$Worker.run(ThreadPoolExecutor.java:617)
	at java.lang.Thread.run(Thread.java:745)
</failure>
    <system-err><![CDATA[java.io.IOException: Failed to copy full contents from 'C:\Users\ayanc\AppData\Local\Temp\screenshot2056944815499636339.png' to 'F:\WSSelenium\org.ParallelObject_Base\reports\Tue_May_12_18_10_22_IST_2020.jpg' Expected length: 514161 Actual: 514163
	at org.apache.commons.io.FileUtils.doCopyFile(FileUtils.java:1142)
	at org.apache.commons.io.FileUtils.copyFile(FileUtils.java:1076)
	at org.apache.commons.io.FileUtils.copyFile(FileUtils.java:1028)
	at org.xde.Xrefresh.ExtentListeners.ExtentManager.captureScreenshot(ExtentManager.java:56)
	at org.xde.Xrefresh.ExtentListeners.ExtentListeners.onTestSuccess(ExtentListeners.java:40)
	at org.testng.internal.TestListenerHelper.runTestListeners(TestListenerHelper.java:70)
	at org.testng.internal.Invoker.runTestListeners(Invoker.java:1389)
	at org.testng.internal.Invoker.invokeMethod(Invoker.java:636)
	at org.testng.internal.Invoker.invokeTestMethod(Invoker.java:719)
	at org.testng.internal.TestMethodWithDataProviderMethodWorker.call(TestMethodWithDataProviderMethodWorker.java:71)
	at org.testng.internal.TestMethodWithDataProviderMethodWorker.call(TestMethodWithDataProviderMethodWorker.java:14)
	at java.util.concurrent.FutureTask.run(FutureTask.java:266)
	at java.util.concurrent.Executors$RunnableAdapter.call(Executors.java:511)
	at java.util.concurrent.FutureTask.run(FutureTask.java:266)
	at java.util.concurrent.ThreadPoolExecutor.runWorker(ThreadPoolExecutor.java:1142)
	at java.util.concurrent.ThreadPoolExecutor$Worker.run(ThreadPoolExecutor.java:617)
	at java.lang.Thread.run(Thread.java:745)
]]></system-err>
  </testcase>
</testsuite>